TN:
SF:src\index.ts
FN:17,(anonymous_10)
FN:28,(anonymous_11)
FNF:2
FNH:0
FNDA:0,(anonymous_10)
FNDA:0,(anonymous_11)
DA:1,2
DA:2,2
DA:3,2
DA:4,2
DA:5,2
DA:7,2
DA:9,2
DA:10,2
DA:13,2
DA:14,2
DA:15,2
DA:17,2
DA:18,0
DA:24,2
DA:25,2
DA:27,2
DA:28,0
DA:29,0
LF:18
LH:15
BRDA:10,0,0,2
BRDA:10,0,1,0
BRDA:27,1,0,0
BRF:3
BRH:1
end_of_record
TN:
SF:src\controllers\question.controller.ts
FN:4,(anonymous_7)
FN:4,(anonymous_8)
FN:39,(anonymous_9)
FN:64,(anonymous_10)
FN:64,(anonymous_11)
FN:89,(anonymous_12)
FN:91,(anonymous_13)
FN:115,(anonymous_14)
FN:115,(anonymous_15)
FN:142,(anonymous_16)
FN:145,(anonymous_17)
FNF:11
FNH:9
FNDA:1,(anonymous_7)
FNDA:1,(anonymous_8)
FNDA:3,(anonymous_9)
FNDA:1,(anonymous_10)
FNDA:1,(anonymous_11)
FNDA:0,(anonymous_12)
FNDA:0,(anonymous_13)
FNDA:1,(anonymous_14)
FNDA:1,(anonymous_15)
FNDA:1,(anonymous_16)
FNDA:1,(anonymous_17)
DA:2,2
DA:4,2
DA:5,1
DA:6,1
DA:7,1
DA:8,0
DA:12,0
DA:15,1
DA:16,0
DA:20,0
DA:22,1
DA:27,1
DA:28,0
DA:32,0
DA:34,1
DA:39,3
DA:48,1
DA:55,0
DA:56,0
DA:60,0
DA:64,2
DA:65,1
DA:66,1
DA:67,1
DA:68,0
DA:72,0
DA:74,1
DA:75,1
DA:81,1
DA:82,0
DA:86,0
DA:89,1
DA:91,0
DA:98,1
DA:106,0
DA:107,0
DA:115,2
DA:116,1
DA:117,1
DA:118,1
DA:119,0
DA:123,0
DA:125,1
DA:132,1
DA:133,0
DA:139,1
DA:141,1
DA:142,1
DA:143,1
DA:145,1
DA:146,1
DA:147,1
DA:151,1
DA:159,0
DA:160,0
LF:55
LH:34
BRDA:7,0,0,0
BRDA:7,1,0,1
BRDA:7,1,1,1
BRDA:7,1,2,1
BRDA:7,1,3,1
BRDA:15,2,0,0
BRDA:27,3,0,0
BRDA:67,4,0,0
BRDA:81,5,0,0
BRDA:118,6,0,0
BRDA:118,7,0,1
BRDA:118,7,1,1
BRDA:118,7,2,1
BRDA:132,8,0,0
BRDA:143,9,0,0
BRDA:146,10,0,1
BRDA:146,11,0,1
BRDA:146,11,1,1
BRF:18
BRH:10
end_of_record
TN:
SF:src\controllers\quiz.controller.ts
FN:6,(anonymous_7)
FN:6,(anonymous_8)
FN:48,(anonymous_9)
FN:48,(anonymous_10)
FNF:4
FNH:4
FNDA:1,(anonymous_7)
FNDA:1,(anonymous_8)
FNDA:1,(anonymous_9)
FNDA:1,(anonymous_10)
DA:2,2
DA:6,2
DA:7,1
DA:8,1
DA:9,1
DA:10,0
DA:14,0
DA:16,1
DA:21,1
DA:22,0
DA:26,0
DA:28,1
DA:33,1
DA:39,0
DA:40,0
DA:44,0
DA:48,2
DA:49,1
DA:50,1
DA:51,1
DA:58,0
DA:59,0
LF:22
LH:13
BRDA:9,0,0,0
BRDA:21,1,0,0
BRF:2
BRH:0
end_of_record
TN:
SF:src\routes\question.routes.ts
FNF:0
FNH:0
DA:1,2
DA:2,2
DA:4,2
DA:6,2
DA:7,2
DA:8,2
LF:6
LH:6
BRF:0
BRH:0
end_of_record
TN:
SF:src\routes\quiz.routes.ts
FNF:0
FNH:0
DA:1,2
DA:2,2
DA:4,2
DA:6,2
DA:7,2
LF:5
LH:5
BRF:0
BRH:0
end_of_record
TN:
SF:src\utils\prismaClient.ts
FNF:0
FNH:0
DA:1,2
DA:4,2
LF:2
LH:2
BRF:0
BRH:0
end_of_record
